TN:
SF:src\features\authentication\exceptions\RegistrationFailedException.ts
FN:2,(anonymous_0)
FNF:1
FNH:1
FNDA:2,(anonymous_0)
DA:3,2
DA:4,2
LF:2
LH:2
BRF:0
BRH:0
end_of_record
TN:
SF:src\features\authentication\exceptions\TooManyRequestsException.ts
FN:2,(anonymous_0)
FNF:1
FNH:1
FNDA:1,(anonymous_0)
DA:3,1
DA:4,1
LF:2
LH:2
BRF:0
BRH:0
end_of_record
TN:
SF:src\shared\hooks\useFields.ts
FN:5,useField
FN:9,(anonymous_1)
FN:20,(anonymous_2)
FNF:3
FNH:3
FNDA:14,useField
FNDA:6,(anonymous_1)
FNDA:1,(anonymous_2)
DA:1,1
DA:6,14
DA:7,14
DA:9,14
DA:10,6
DA:11,6
DA:12,6
DA:15,14
DA:21,1
DA:22,1
LF:10
LH:10
BRDA:10,0,0,6
BRDA:10,0,1,3
BRF:2
BRH:2
end_of_record
TN:
SF:src\shared\hooks\useSignUp.ts
FN:5,useSignUp
FN:8,(anonymous_1)
FNF:2
FNH:2
FNDA:3,useSignUp
FNDA:1,(anonymous_1)
DA:1,1
DA:6,3
DA:8,3
DA:9,1
DA:11,1
DA:12,1
DA:14,1
DA:18,3
LF:8
LH:8
BRF:0
BRH:0
end_of_record
TN:
SF:src\shared\services\supabase\supabase-manager.ts
FN:24,signUpNewUser
FNF:1
FNH:1
FNDA:4,signUpNewUser
DA:6,1
DA:7,1
DA:9,1
DA:25,4
DA:30,4
DA:31,3
DA:32,1
DA:33,1
DA:36,2
DA:37,2
DA:40,1
DA:41,4
LF:12
LH:12
BRDA:30,0,0,3
BRDA:30,0,1,1
BRDA:31,1,0,1
BRDA:31,1,1,2
BRF:4
BRH:4
end_of_record
TN:
SF:src\shared\utils\passwordRules.ts
FN:1,getPasswordRules
FNF:1
FNH:1
FNDA:9,getPasswordRules
DA:2,9
LF:1
LH:1
BRF:0
BRH:0
end_of_record
TN:
SF:src\shared\utils\validators.ts
FN:5,(anonymous_0)
FN:7,(anonymous_1)
FN:13,(anonymous_2)
FNF:3
FNH:3
FNDA:3,(anonymous_0)
FNDA:6,(anonymous_1)
FNDA:3,(anonymous_2)
DA:5,3
DA:7,1
DA:8,6
DA:9,5
DA:10,2
DA:13,1
DA:14,3
DA:15,3
LF:8
LH:8
BRDA:5,0,0,1
BRDA:5,0,1,2
BRDA:8,1,0,1
BRDA:8,1,1,5
BRDA:9,2,0,3
BRDA:9,2,1,2
BRDA:15,3,0,1
BRDA:15,3,1,2
BRF:8
BRH:8
end_of_record
